#
# There is insufficient memory for the Java Runtime Environment to continue.
# Native memory allocation (mmap) failed to map 21474836480 bytes. Error detail: G1 virtual space
# Possible reasons:
#   The system is out of physical RAM or swap space
#   This process is running with CompressedOops enabled, and the Java Heap may be blocking the growth of the native heap
# Possible solutions:
#   Reduce memory load on the system
#   Increase physical memory or swap space
#   Check if swap backing store is full
#   Decrease Java heap size (-Xmx/-Xms)
#   Decrease number of Java threads
#   Decrease Java thread stack sizes (-Xss)
#   Set larger code cache with -XX:ReservedCodeCacheSize=
#   JVM is running with Zero Based Compressed Oops mode in which the Java heap is
#     placed in the first 32GB address space. The Java Heap base address is the
#     maximum limit for the native heap growth. Please use -XX:HeapBaseMinAddress
#     to set the Java Heap base and to place the Java Heap above 32GB virtual address.
# This output file may be truncated or incomplete.
#
#  Out of Memory Error (os_windows.cpp:3703), pid=15820, tid=21880
#
# JRE version:  (23.0.1+11) (build )
# Java VM: OpenJDK 64-Bit Server VM (23.0.1+11-39, mixed mode, sharing, tiered, compressed oops, compressed class ptrs, g1 gc, windows-amd64)
# No core dump will be written. Minidumps are not enabled by default on client versions of Windows
#

---------------  S U M M A R Y ------------

Command Line: -Dvisualvm.id=686709333422700 -Xmx20G -Xms20G -javaagent:C:\Users\Joach\AppData\Local\JetBrains\IntelliJIdea2024.3\testAgent\intellij.platform.coverage.agent.jar=C:\Users\Joach\AppData\Local\Temp\coverage9args -Didea.coverage.calculate.hits=true -javaagent:C:\Program Files\JetBrains\IntelliJ IDEA 2024.3\lib\idea_rt.jar=63213:C:\Program Files\JetBrains\IntelliJ IDEA 2024.3\bin -Dfile.encoding=UTF-8 -Dsun.stdout.encoding=UTF-8 -Dsun.stderr.encoding=UTF-8 --module-path=C:\Users\Joach\.gradle\caches\modules-2\files-2.1\org.openjfx\javafx-controls\23.0.1\bdb03f39a659b3c710fffefc8e3385d8696e1147\javafx-controls-23.0.1-win.jar;C:\Users\Joach\.gradle\caches\modules-2\files-2.1\org.openstreetmap.osmosis\osmosis-xml\0.48.3\7f13a946de0bfbbbef9c8446b55ad6282dba6669\osmosis-xml-0.48.3.jar;C:\Users\Joach\.gradle\caches\modules-2\files-2.1\org.openstreetmap.osmosis\osmosis-pbf\0.48.3\27a8cc6715b0fc7420324b8e459373cc53678d50\osmosis-pbf-0.48.3.jar;C:\Users\Joach\Documents\BFST2025Group27\osmparsing\build\classes\java\main;C:\Users\Joach\.gradle\caches\modules-2\files-2.1\org.controlsfx\controlsfx\11.1.2\584bc3f468e2c33100fcdbb1daf0a3e095e5e031\controlsfx-11.1.2.jar;C:\Users\Joach\.gradle\caches\modules-2\files-2.1\org.openjfx\javafx-graphics\23.0.1\b4421dba8a9d00b99138c65c01f1dc9a6c7ae50f\javafx-graphics-23.0.1-win.jar;C:\Users\Joach\.gradle\caches\modules-2\files-2.1\org.openjfx\javafx-fxml\23.0.1\7cb94fc08a8fa9f355c9e52c1f0c45c62015a62f\javafx-fxml-23.0.1-win.jar;C:\Users\Joach\.gradle\caches\modules-2\files-2.1\org.openstreetmap.osmosis\osmosis-core\0.48.3\e957357c3e080005b87605ba22ff1df5ae40b81f\osmosis-core-0.48.3.jar;C:\Users\Joach\.gradle\caches\modules-2\files-2.1\org.openjfx\javafx-base\23.0.1\f3c056075623f7cd2e77b17f14e3575e37884373\javafx-base-23.0.1-win.jar -Djdk.module.main=com.example.osmparsing com.example.osmparsing/com.example.osmparsing.utility.ExtendedGraphViewer

Host: 13th Gen Intel(R) Core(TM) i7-13700KF, 24 cores, 31G,  Windows 11 , 64 bit Build 26100 (10.0.26100.3912)
Time: Sat May 24 18:55:56 2025 Rom, sommertid elapsed time: 2.026150 seconds (0d 0h 0m 2s)

---------------  T H R E A D  ---------------

Current thread (0x000002649e9f2970):  JavaThread "Unknown thread" [_thread_in_vm, id=21880, stack(0x000000a953300000,0x000000a953400000) (1024K)]

Stack: [0x000000a953300000,0x000000a953400000]
Native frames: (J=compiled Java code, j=interpreted, Vv=VM code, C=native code)
V  [jvm.dll+0x6e08b9]  (no source info available)
V  [jvm.dll+0x87dc83]  (no source info available)
V  [jvm.dll+0x88010e]  (no source info available)
V  [jvm.dll+0x8807e3]  (no source info available)
V  [jvm.dll+0x27aee6]  (no source info available)
V  [jvm.dll+0x6dd1c5]  (no source info available)
V  [jvm.dll+0x6d104a]  (no source info available)
V  [jvm.dll+0x35b3ea]  (no source info available)
V  [jvm.dll+0x3637f6]  (no source info available)
V  [jvm.dll+0x34fd5e]  (no source info available)
V  [jvm.dll+0x34fff8]  (no source info available)
V  [jvm.dll+0x3289cc]  (no source info available)
V  [jvm.dll+0x32966e]  (no source info available)
V  [jvm.dll+0x844355]  (no source info available)
V  [jvm.dll+0x3b9848]  (no source info available)
V  [jvm.dll+0x82d14c]  (no source info available)
V  [jvm.dll+0x454d4e]  (no source info available)
V  [jvm.dll+0x456bd1]  (no source info available)
C  [jli.dll+0x52a3]  (no source info available)
C  [ucrtbase.dll+0x37b0]  (no source info available)
C  [KERNEL32.DLL+0x2e8d7]  (no source info available)
C  [ntdll.dll+0x9c5dc]  (no source info available)

Lock stack of current Java thread (top to bottom):


---------------  P R O C E S S  ---------------

Threads class SMR info:
_java_thread_list=0x00007ffd7ac23618, length=0, elements={
}

Java Threads: ( => current thread )
Total: 0

Other Threads:
  0x00000264b70b11f0 WorkerThread "GC Thread#0"                     [id=6548, stack(0x000000a953400000,0x000000a953500000) (1024K)]
  0x000002649ea95670 ConcurrentGCThread "G1 Main Marker"            [id=21956, stack(0x000000a953500000,0x000000a953600000) (1024K)]
  0x000002649ea98060 WorkerThread "G1 Conc#0"                       [id=12992, stack(0x000000a953600000,0x000000a953700000) (1024K)]

[error occurred during error reporting (printing all threads), id 0xc0000005, EXCEPTION_ACCESS_VIOLATION (0xc0000005) at pc=0x00007ffd7a36bfba]
VM state: not at safepoint (not fully initialized)

VM Mutex/Monitor currently owned by a thread:  ([mutex/lock_event])
[0x00007ffd7aca3a10] Heap_lock - owner thread: 0x000002649e9f2970

Heap address: 0x0000000300000000, size: 20480 MB, Compressed Oops mode: Zero based, Oop shift amount: 3

CDS archive(s) mapped at: [0x0000000000000000-0x0000000000000000-0x0000000000000000), size 0, SharedBaseAddress: 0x0000000800000000, ArchiveRelocationMode: 1.
Narrow klass base: 0x0000000000000000, Narrow klass shift: 0, Narrow klass range: 0x0

GC Precious Log:
 CardTable entry size: 512
 Card Set container configuration: InlinePtr #cards 3 size 8 Array Of Cards #cards 128 size 272 Howl #buckets 8 coarsen threshold 29491 Howl Bitmap #cards 4096 size 528 coarsen threshold 3686 Card regions per heap region 1 cards per card region 32768

Heap:
 garbage-first heap   total reserved 20971520K, committed 0K, used 0K [0x0000000300000000, 0x0000000800000000)
  region size 16384K, 0 young (0K), 0 survivors (0K)

[error occurred during error reporting (printing heap information), id 0xc0000005, EXCEPTION_ACCESS_VIOLATION (0xc0000005) at pc=0x00007ffd7a76c3c9]
GC Heap History (0 events):
No events

Dll operation events (2 events):
Event: 0.005 Loaded shared library C:\Users\Joach\.jdks\openjdk-23.0.1\bin\java.dll
Event: 0.005 Loaded shared library C:\Users\Joach\.jdks\openjdk-23.0.1\bin\zip.dll

Deoptimization events (0 events):
No events

Classes loaded (0 events):
No events

Classes unloaded (0 events):
No events

Classes redefined (0 events):
No events

Internal exceptions (0 events):
No events

VM Operations (0 events):
No events

Memory protections (0 events):
No events

Nmethod flushes (0 events):
No events

Events (0 events):
No events


Dynamic libraries:
0x00007ff636750000 - 0x00007ff63675e000 	C:\Users\Joach\.jdks\openjdk-23.0.1\bin\java.exe
0x00007ffe00ac0000 - 0x00007ffe00d26000 	C:\WINDOWS\SYSTEM32\ntdll.dll
0x00007ffe00030000 - 0x00007ffe000f9000 	C:\WINDOWS\System32\KERNEL32.DLL
0x00007ffdfe1e0000 - 0x00007ffdfe5ac000 	C:\WINDOWS\System32\KERNELBASE.dll
0x00007ffdfe090000 - 0x00007ffdfe1db000 	C:\WINDOWS\System32\ucrtbase.dll
0x00007ffde5280000 - 0x00007ffde5297000 	C:\Users\Joach\.jdks\openjdk-23.0.1\bin\jli.dll
0x00007ffde5240000 - 0x00007ffde525b000 	C:\Users\Joach\.jdks\openjdk-23.0.1\bin\VCRUNTIME140.dll
0x00007ffdff560000 - 0x00007ffdff72a000 	C:\WINDOWS\System32\USER32.dll
0x00007ffde81b0000 - 0x00007ffde844a000 	C:\WINDOWS\WinSxS\amd64_microsoft.windows.common-controls_6595b64144ccf1df_6.0.26100.3912_none_3e07963ce335137e\COMCTL32.dll
0x00007ffdfe880000 - 0x00007ffdfe929000 	C:\WINDOWS\System32\msvcrt.dll
0x00007ffdfe650000 - 0x00007ffdfe677000 	C:\WINDOWS\System32\win32u.dll
0x00007ffe00a50000 - 0x00007ffe00a7b000 	C:\WINDOWS\System32\GDI32.dll
0x00007ffdfe680000 - 0x00007ffdfe7b2000 	C:\WINDOWS\System32\gdi32full.dll
0x00007ffdfdc50000 - 0x00007ffdfdcf3000 	C:\WINDOWS\System32\msvcp_win.dll
0x00007ffe00630000 - 0x00007ffe00660000 	C:\WINDOWS\System32\IMM32.DLL
0x00007ffde5810000 - 0x00007ffde581c000 	C:\Users\Joach\.jdks\openjdk-23.0.1\bin\vcruntime140_1.dll
0x00007ffd99120000 - 0x00007ffd991ae000 	C:\Users\Joach\.jdks\openjdk-23.0.1\bin\msvcp140.dll
0x00007ffd7a030000 - 0x00007ffd7ad7f000 	C:\Users\Joach\.jdks\openjdk-23.0.1\bin\server\jvm.dll
0x00007ffdff970000 - 0x00007ffdffa22000 	C:\WINDOWS\System32\ADVAPI32.dll
0x00007ffe009a0000 - 0x00007ffe00a46000 	C:\WINDOWS\System32\sechost.dll
0x00007ffdff7c0000 - 0x00007ffdff8d6000 	C:\WINDOWS\System32\RPCRT4.dll
0x00007ffdfe960000 - 0x00007ffdfe9d4000 	C:\WINDOWS\System32\WS2_32.dll
0x00007ffdfd200000 - 0x00007ffdfd25e000 	C:\WINDOWS\SYSTEM32\POWRPROF.dll
0x00007ffdf7980000 - 0x00007ffdf798b000 	C:\WINDOWS\SYSTEM32\VERSION.dll
0x00007ffdef500000 - 0x00007ffdef536000 	C:\WINDOWS\SYSTEM32\WINMM.dll
0x00007ffdfd080000 - 0x00007ffdfd094000 	C:\WINDOWS\SYSTEM32\UMPDC.dll
0x00007ffdfc9d0000 - 0x00007ffdfc9ea000 	C:\WINDOWS\SYSTEM32\kernel.appcore.dll
0x00007ffde5510000 - 0x00007ffde551a000 	C:\Users\Joach\.jdks\openjdk-23.0.1\bin\jimage.dll
0x00007ffdec960000 - 0x00007ffdecba1000 	C:\WINDOWS\SYSTEM32\DBGHELP.DLL
0x00007ffdfeaa0000 - 0x00007ffdfee24000 	C:\WINDOWS\System32\combase.dll
0x00007ffdffa30000 - 0x00007ffdffb10000 	C:\WINDOWS\System32\OLEAUT32.dll
0x00007ffde5900000 - 0x00007ffde5939000 	C:\WINDOWS\SYSTEM32\dbgcore.DLL
0x00007ffdfe5b0000 - 0x00007ffdfe649000 	C:\WINDOWS\System32\bcryptPrimitives.dll
0x00007ffde5270000 - 0x00007ffde527f000 	C:\Users\Joach\.jdks\openjdk-23.0.1\bin\instrument.dll
0x00007ffde5220000 - 0x00007ffde523e000 	C:\Users\Joach\.jdks\openjdk-23.0.1\bin\java.dll
0x00007ffe00680000 - 0x00007ffe0081f000 	C:\WINDOWS\System32\ole32.dll
0x00007ffdfee30000 - 0x00007ffdff55d000 	C:\WINDOWS\System32\SHELL32.dll
0x00007ffdfdd90000 - 0x00007ffdfdf04000 	C:\WINDOWS\System32\wintypes.dll
0x00007ffde1b90000 - 0x00007ffde1ba7000 	C:\Users\Joach\.jdks\openjdk-23.0.1\bin\zip.dll

dbghelp: loaded successfully - version: 4.0.5 - missing functions: none
symbol engine: initialized successfully - sym options: 0x614 - pdb path: .;C:\Users\Joach\.jdks\openjdk-23.0.1\bin;C:\WINDOWS\SYSTEM32;C:\WINDOWS\WinSxS\amd64_microsoft.windows.common-controls_6595b64144ccf1df_6.0.26100.3912_none_3e07963ce335137e;C:\Users\Joach\.jdks\openjdk-23.0.1\bin\server

VM Arguments:
jvm_args: -Dvisualvm.id=686709333422700 -Xmx20G -Xms20G -javaagent:C:\Users\Joach\AppData\Local\JetBrains\IntelliJIdea2024.3\testAgent\intellij.platform.coverage.agent.jar=C:\Users\Joach\AppData\Local\Temp\coverage9args -Didea.coverage.calculate.hits=true -javaagent:C:\Program Files\JetBrains\IntelliJ IDEA 2024.3\lib\idea_rt.jar=63213:C:\Program Files\JetBrains\IntelliJ IDEA 2024.3\bin -Dfile.encoding=UTF-8 -Dsun.stdout.encoding=UTF-8 -Dsun.stderr.encoding=UTF-8 --module-path=C:\Users\Joach\.gradle\caches\modules-2\files-2.1\org.openjfx\javafx-controls\23.0.1\bdb03f39a659b3c710fffefc8e3385d8696e1147\javafx-controls-23.0.1-win.jar;C:\Users\Joach\.gradle\caches\modules-2\files-2.1\org.openstreetmap.osmosis\osmosis-xml\0.48.3\7f13a946de0bfbbbef9c8446b55ad6282dba6669\osmosis-xml-0.48.3.jar;C:\Users\Joach\.gradle\caches\modules-2\files-2.1\org.openstreetmap.osmosis\osmosis-pbf\0.48.3\27a8cc6715b0fc7420324b8e459373cc53678d50\osmosis-pbf-0.48.3.jar;C:\Users\Joach\Documents\BFST2025Group27\osmparsing\build\classes\java\main;C:\Users\Joach\.gradle\caches\modules-2\files-2.1\org.controlsfx\controlsfx\11.1.2\584bc3f468e2c33100fcdbb1daf0a3e095e5e031\controlsfx-11.1.2.jar;C:\Users\Joach\.gradle\caches\modules-2\files-2.1\org.openjfx\javafx-graphics\23.0.1\b4421dba8a9d00b99138c65c01f1dc9a6c7ae50f\javafx-graphics-23.0.1-win.jar;C:\Users\Joach\.gradle\caches\modules-2\files-2.1\org.openjfx\javafx-fxml\23.0.1\7cb94fc08a8fa9f355c9e52c1f0c45c62015a62f\javafx-fxml-23.0.1-win.jar;C:\Users\Joach\.gradle\caches\modules-2\files-2.1\org.openstreetmap.osmosis\osmosis-core\0.48.3\e957357c3e080005b87605ba22ff1df5ae40b81f\osmosis-core-0.48.3.jar;C:\Users\Joach\.gradle\caches\modules-2\files-2.1\org.openjfx\javafx-base\23.0.1\f3c056075623f7cd2e77b17f14e3575e37884373\javafx-base-23.0.1-win.jar -Djdk.module.main=com.example.osmparsing 
java_command: com.example.osmparsing/com.example.osmparsing.utility.ExtendedGraphViewer
java_class_path (initial): C:\Users\Joach\Documents\BFST2025Group27\osmparsing\build\resources\main;C:\Users\Joach\.gradle\caches\modules-2\files-2.1\org.openjfx\javafx-controls\23.0.1\c85b22eae11514b5481eb3dea9e2d448235ac592\javafx-controls-23.0.1.jar;C:\Users\Joach\.gradle\caches\modules-2\files-2.1\org.openjfx\javafx-graphics\23.0.1\86bfcc23faf67f7eb9a6dc09b062f75499e9a76c\javafx-graphics-23.0.1.jar;C:\Users\Joach\.gradle\caches\modules-2\files-2.1\org.openjfx\javafx-base\23.0.1\b09ccc9d998ad8eb1fade4e100c3ff0835d018b5\javafx-base-23.0.1.jar;C:\Users\Joach\.gradle\caches\modules-2\files-2.1\org.openstreetmap.osmosis\osmosis-osm-binary\0.48.3\9620a7c124d78d106a1755ad0d2c1a022f31c3c6\osmosis-osm-binary-0.48.3.jar;C:\Users\Joach\.gradle\caches\modules-2\files-2.1\com.google.protobuf\protobuf-java\3.12.2\f0029524002295154c6b546d4e6bd1cfc5081874\protobuf-java-3.12.2.jar;C:\Users\Joach\.gradle\caches\modules-2\files-2.1\commons-codec\commons-codec\1.11\3acb4705652e16236558f0f4f2192cc33c3bd189\commons-codec-1.11.jar;C:\Users\Joach\.gradle\caches\modules-2\files-2.1\net.sf.jpf\jpf\1.5\dd3c81d603e0223e226ae8ccef53acdfb01052d0\jpf-1.5.jar;C:\Users\Joach\.gradle\caches\modules-2\files-2.1\com.fasterxml.woodstox\woodstox-core\5.1.0\bd416e84cbd20cb5f2cf13c30b023e814a4d6107\woodstox-core-5.1.0.jar;C:\Users\Joach\.gradle\caches\modules-2\files-2.1\org.codehaus.woodstox\stax2-api\4.1\b6e20f3760016b70358e9227be904ecb26a50530\stax2-api-4.1.jar;C:\Users\Joach\.gradle\caches\modules-2\files-2.1\org.apache.commons\commons-compress\1.18\1191f9f2bc0c47a8cce69193feb1ff0a8bcb37d5\commons-compress-1.18.jar;C:\Users\Joach\.gradle\caches\modules-2\files-2.1\xerces\xercesImpl\2.12.0\f02c844149fd306601f20e0b34853a670bef7fa2\xercesImpl-2.12.0.jar;C:\Users\Joach\.gradle\caches\modules-2\files-2.1\org.springframework\spring-jdbc\5.1.0.RELEASE\5a43f31b1f89281f525ac598e5c4b9ce9f960651\spring-jdbc-5.1.0.RELEASE.jar;C:\Users\Joach\.gradle\caches\modules-2\files-2.1\org.springframework\spring-tx\5.1.0.RELEASE\5614e591cd68b209192bdfd1a117da4f6f7d2b7d\spring-tx-5.1.0.RELEASE.jar;C:\Users\Joach\.gradle\caches\modules-2\files-2.1\org.springframework\spring-beans\5.1.0.RELEASE\8de4fe847e95a87e25acfb7fe5f21c0eddbe94c7\spring-beans-5.1.0.RELEASE.jar;C:\Users\Joach\.gradle\caches\modules-2\files-2.1\org.springframework\spring-core\5.1.0.RELEASE\7835804188894b86a39b5a6028d50381638170c6\spring-core-5.1.0.RELEASE.jar;C:\Users\Joach\.gradle\caches\modules-2\files-2.1\org.springframework\spring-jcl\5.1.0.RELEASE\20ee05d41b5bebcab471226517f83447ad3d163c\spring-jcl-5.1.0.RELEASE.jar
Launcher Type: SUN_STANDARD

[Global flags]
     intx CICompilerCount                          = 12                                        {product} {ergonomic}
     uint ConcGCThreads                            = 5                                         {product} {ergonomic}
     uint G1ConcRefinementThreads                  = 18                                        {product} {ergonomic}
   size_t G1HeapRegionSize                         = 16777216                                  {product} {ergonomic}
   size_t InitialHeapSize                          = 21474836480                               {product} {command line}
   size_t MarkStackSize                            = 4194304                                   {product} {ergonomic}
   size_t MarkStackSizeMax                         = 536870912                                 {product} {ergonomic}
   size_t MaxHeapSize                              = 21474836480                               {product} {command line}
   size_t MinHeapDeltaBytes                        = 16777216                                  {product} {ergonomic}
   size_t MinHeapSize                              = 21474836480                               {product} {command line}
    uintx NonNMethodCodeHeapSize                   = 7602176                                {pd product} {ergonomic}
    uintx NonProfiledCodeHeapSize                  = 122093568                              {pd product} {ergonomic}
    uintx ProfiledCodeHeapSize                     = 121962496                              {pd product} {ergonomic}
    uintx ReservedCodeCacheSize                    = 251658240                              {pd product} {ergonomic}
     bool SegmentedCodeCache                       = true                                      {product} {ergonomic}
   size_t SoftMaxHeapSize                          = 21474836480                            {manageable} {ergonomic}
     bool UseCompressedOops                        = true                           {product lp64_product} {ergonomic}
     bool UseG1GC                                  = true                                      {product} {ergonomic}
     bool UseLargePagesIndividualAllocation        = false                                  {pd product} {ergonomic}

Logging:
Log output configuration:
 #0: stdout all=warning uptime,level,tags foldmultilines=false
 #1: stderr all=off uptime,level,tags foldmultilines=false

Environment Variables:
PATH=C:\Program Files\Eclipse Adoptium\jdk-21.0.6.7-hotspot\bin;C:\WINDOWS\system32;C:\WINDOWS;C:\WINDOWS\System32\Wbem;C:\WINDOWS\System32\WindowsPowerShell\v1.0\;C:\WINDOWS\System32\OpenSSH\;C:\Program Files (x86)\NVIDIA Corporation\PhysX\Common;C:\Program Files\NVIDIA Corporation\NVIDIA NvDLISR;C:\Program Files\Git\cmd;C:\Program Files\dotnet\;C:\Users\Joach\AppData\Local\Microsoft\WindowsApps;C:\Users\Joach\AppData\Local\GitHubDesktop\bin;C:\Users\Joach\AppData\Local\JetBrains\Toolbox\scripts;;C:\Users\Joach\AppData\Local\Microsoft\WindowsApps;C:\Users\Joach\AppData\Local\Programs\Microsoft VS Code\bin
USERNAME=Joach
OS=Windows_NT
PROCESSOR_IDENTIFIER=Intel64 Family 6 Model 183 Stepping 1, GenuineIntel
TMP=C:\Users\Joach\AppData\Local\Temp
TEMP=C:\Users\Joach\AppData\Local\Temp




Periodic native trim disabled

---------------  S Y S T E M  ---------------

OS:
 Windows 11 , 64 bit Build 26100 (10.0.26100.3912)
OS uptime: 7 days 22:45 hours
Hyper-V role detected

CPU: total 24 (initial active 24) (12 cores per cpu, 2 threads per core) family 6 model 183 stepping 1 microcode 0x12b, cx8, cmov, fxsr, ht, mmx, 3dnowpref, sse, sse2, sse3, ssse3, sse4.1, sse4.2, popcnt, lzcnt, tsc, tscinvbit, avx, avx2, aes, erms, clmul, bmi1, bmi2, adx, sha, fma, vzeroupper, clflush, clflushopt, clwb, hv, serialize, rdtscp, rdpid, fsrm, gfni, f16c, cet_ibt, cet_ss
Processor Information for the first 24 processors :
  Max Mhz: 3400, Current Mhz: 3400, Mhz Limit: 3400

Memory: 4k page, system-wide physical 32581M (20544M free)
TotalPageFile size 37482M (AvailPageFile size 15984M)
current process WorkingSet (physical memory assigned to process): 14M, peak: 14M
current process commit charge ("private bytes"): 82M, peak: 20562M

vm_info: OpenJDK 64-Bit Server VM (23.0.1+11-39) for windows-amd64 JRE (23.0.1+11-39), built on 2024-09-30T07:20:43Z with MS VC++ 17.6 (VS2022)

END.
